Started GET "/" for 127.0.0.1 at 2022-08-01 19:44:10 +0300
  
ActiveRecord::NoDatabaseError (We could not find your database: car_diary_development. Which can be found in the database configuration file located at config/database.yml.

To resolve this issue:

- Did you create the database for this app, or delete it? You may need to create your database.
- Has the database name changed? Check your database.yml config has the correct database name.

To create your database, run:

        bin/rails db:create
):
  
activerecord (7.0.3) lib/active_record/connection_adapters/postgresql_adapter.rb:81:in `rescue in new_client'
activerecord (7.0.3) lib/active_record/connection_adapters/postgresql_adapter.rb:77:in `new_client'
activerecord (7.0.3) lib/active_record/connection_adapters/postgresql_adapter.rb:37:in `postgresql_connection'
activerecord (7.0.3) lib/active_record/connection_adapters/abstract/connection_pool.rb:656:in `public_send'
activerecord (7.0.3) lib/active_record/connection_adapters/abstract/connection_pool.rb:656:in `new_connection'
activerecord (7.0.3) lib/active_record/connection_adapters/abstract/connection_pool.rb:700:in `checkout_new_connection'
activerecord (7.0.3) lib/active_record/connection_adapters/abstract/connection_pool.rb:679:in `try_to_checkout_new_connection'
activerecord (7.0.3) lib/active_record/connection_adapters/abstract/connection_pool.rb:640:in `acquire_connection'
activerecord (7.0.3) lib/active_record/connection_adapters/abstract/connection_pool.rb:341:in `checkout'
activerecord (7.0.3) lib/active_record/connection_adapters/abstract/connection_pool.rb:181:in `connection'
activerecord (7.0.3) lib/active_record/connection_adapters/abstract/connection_handler.rb:211:in `retrieve_connection'
activerecord (7.0.3) lib/active_record/connection_handling.rb:313:in `retrieve_connection'
activerecord (7.0.3) lib/active_record/connection_handling.rb:280:in `connection'
activerecord (7.0.3) lib/active_record/migration.rb:613:in `connection'
activerecord (7.0.3) lib/active_record/migration.rb:608:in `build_watcher'
activerecord (7.0.3) lib/active_record/migration.rb:590:in `block in call'
activerecord (7.0.3) lib/active_record/migration.rb:589:in `synchronize'
activerecord (7.0.3) lib/active_record/migration.rb:589:in `call'
actionpack (7.0.3) lib/action_dispatch/middleware/callbacks.rb:27:in `block in call'
activesupport (7.0.3) lib/active_support/callbacks.rb:99:in `run_callbacks'
actionpack (7.0.3) lib/action_dispatch/middleware/callbacks.rb:26:in `call'
actionpack (7.0.3) lib/action_dispatch/middleware/executor.rb:14:in `call'
actionpack (7.0.3) lib/action_dispatch/middleware/actionable_exceptions.rb:17:in `call'
actionpack (7.0.3) lib/action_dispatch/middleware/debug_exceptions.rb:28:in `call'
web-console (4.2.0) lib/web_console/middleware.rb:132:in `call_app'
web-console (4.2.0) lib/web_console/middleware.rb:28:in `block in call'
web-console (4.2.0) lib/web_console/middleware.rb:17:in `catch'
web-console (4.2.0) lib/web_console/middleware.rb:17:in `call'
actionpack (7.0.3) lib/action_dispatch/middleware/show_exceptions.rb:26:in `call'
railties (7.0.3) lib/rails/rack/logger.rb:40:in `call_app'
railties (7.0.3) lib/rails/rack/logger.rb:25:in `block in call'
activesupport (7.0.3) lib/active_support/tagged_logging.rb:114:in `block in tagged'
activesupport (7.0.3) lib/active_support/tagged_logging.rb:38:in `tagged'
activesupport (7.0.3) lib/active_support/tagged_logging.rb:114:in `tagged'
railties (7.0.3) lib/rails/rack/logger.rb:25:in `call'
sprockets-rails (3.4.2) lib/sprockets/rails/quiet_assets.rb:13:in `call'
actionpack (7.0.3) lib/action_dispatch/middleware/remote_ip.rb:93:in `call'
actionpack (7.0.3) lib/action_dispatch/middleware/request_id.rb:26:in `call'
rack (2.2.3.1) lib/rack/method_override.rb:24:in `call'
rack (2.2.3.1) lib/rack/runtime.rb:22:in `call'
activesupport (7.0.3) lib/active_support/cache/strategy/local_cache_middleware.rb:29:in `call'
actionpack (7.0.3) lib/action_dispatch/middleware/server_timing.rb:20:in `call'
actionpack (7.0.3) lib/action_dispatch/middleware/executor.rb:14:in `call'
actionpack (7.0.3) lib/action_dispatch/middleware/static.rb:23:in `call'
rack (2.2.3.1) lib/rack/sendfile.rb:110:in `call'
actionpack (7.0.3) lib/action_dispatch/middleware/host_authorization.rb:137:in `call'
railties (7.0.3) lib/rails/engine.rb:530:in `call'
puma (5.6.4) lib/puma/configuration.rb:252:in `call'
puma (5.6.4) lib/puma/request.rb:77:in `block in handle_request'
puma (5.6.4) lib/puma/thread_pool.rb:340:in `with_force_shutdown'
puma (5.6.4) lib/puma/request.rb:76:in `handle_request'
puma (5.6.4) lib/puma/server.rb:441:in `process_client'
puma (5.6.4) lib/puma/thread_pool.rb:147:in `block in spawn_thread'
Started GET "/" for 127.0.0.1 at 2022-08-01 20:27:52 +0300
  
ActiveRecord::NoDatabaseError (We could not find your database: car_diary_development. Which can be found in the database configuration file located at config/database.yml.

To resolve this issue:

- Did you create the database for this app, or delete it? You may need to create your database.
- Has the database name changed? Check your database.yml config has the correct database name.

To create your database, run:

        bin/rails db:create
):
  
activerecord (7.0.3) lib/active_record/connection_adapters/postgresql_adapter.rb:81:in `rescue in new_client'
activerecord (7.0.3) lib/active_record/connection_adapters/postgresql_adapter.rb:77:in `new_client'
activerecord (7.0.3) lib/active_record/connection_adapters/postgresql_adapter.rb:37:in `postgresql_connection'
activerecord (7.0.3) lib/active_record/connection_adapters/abstract/connection_pool.rb:656:in `public_send'
activerecord (7.0.3) lib/active_record/connection_adapters/abstract/connection_pool.rb:656:in `new_connection'
activerecord (7.0.3) lib/active_record/connection_adapters/abstract/connection_pool.rb:700:in `checkout_new_connection'
activerecord (7.0.3) lib/active_record/connection_adapters/abstract/connection_pool.rb:679:in `try_to_checkout_new_connection'
activerecord (7.0.3) lib/active_record/connection_adapters/abstract/connection_pool.rb:640:in `acquire_connection'
activerecord (7.0.3) lib/active_record/connection_adapters/abstract/connection_pool.rb:341:in `checkout'
activerecord (7.0.3) lib/active_record/connection_adapters/abstract/connection_pool.rb:181:in `connection'
activerecord (7.0.3) lib/active_record/connection_adapters/abstract/connection_handler.rb:211:in `retrieve_connection'
activerecord (7.0.3) lib/active_record/connection_handling.rb:313:in `retrieve_connection'
activerecord (7.0.3) lib/active_record/connection_handling.rb:280:in `connection'
activerecord (7.0.3) lib/active_record/migration.rb:613:in `connection'
activerecord (7.0.3) lib/active_record/migration.rb:608:in `build_watcher'
activerecord (7.0.3) lib/active_record/migration.rb:590:in `block in call'
activerecord (7.0.3) lib/active_record/migration.rb:589:in `synchronize'
activerecord (7.0.3) lib/active_record/migration.rb:589:in `call'
actionpack (7.0.3) lib/action_dispatch/middleware/callbacks.rb:27:in `block in call'
activesupport (7.0.3) lib/active_support/callbacks.rb:99:in `run_callbacks'
actionpack (7.0.3) lib/action_dispatch/middleware/callbacks.rb:26:in `call'
actionpack (7.0.3) lib/action_dispatch/middleware/executor.rb:14:in `call'
actionpack (7.0.3) lib/action_dispatch/middleware/actionable_exceptions.rb:17:in `call'
actionpack (7.0.3) lib/action_dispatch/middleware/debug_exceptions.rb:28:in `call'
web-console (4.2.0) lib/web_console/middleware.rb:132:in `call_app'
web-console (4.2.0) lib/web_console/middleware.rb:28:in `block in call'
web-console (4.2.0) lib/web_console/middleware.rb:17:in `catch'
web-console (4.2.0) lib/web_console/middleware.rb:17:in `call'
actionpack (7.0.3) lib/action_dispatch/middleware/show_exceptions.rb:26:in `call'
railties (7.0.3) lib/rails/rack/logger.rb:40:in `call_app'
railties (7.0.3) lib/rails/rack/logger.rb:25:in `block in call'
activesupport (7.0.3) lib/active_support/tagged_logging.rb:114:in `block in tagged'
activesupport (7.0.3) lib/active_support/tagged_logging.rb:38:in `tagged'
activesupport (7.0.3) lib/active_support/tagged_logging.rb:114:in `tagged'
railties (7.0.3) lib/rails/rack/logger.rb:25:in `call'
sprockets-rails (3.4.2) lib/sprockets/rails/quiet_assets.rb:13:in `call'
actionpack (7.0.3) lib/action_dispatch/middleware/remote_ip.rb:93:in `call'
actionpack (7.0.3) lib/action_dispatch/middleware/request_id.rb:26:in `call'
rack (2.2.3.1) lib/rack/method_override.rb:24:in `call'
rack (2.2.3.1) lib/rack/runtime.rb:22:in `call'
activesupport (7.0.3) lib/active_support/cache/strategy/local_cache_middleware.rb:29:in `call'
actionpack (7.0.3) lib/action_dispatch/middleware/server_timing.rb:20:in `call'
actionpack (7.0.3) lib/action_dispatch/middleware/executor.rb:14:in `call'
actionpack (7.0.3) lib/action_dispatch/middleware/static.rb:23:in `call'
rack (2.2.3.1) lib/rack/sendfile.rb:110:in `call'
actionpack (7.0.3) lib/action_dispatch/middleware/host_authorization.rb:137:in `call'
railties (7.0.3) lib/rails/engine.rb:530:in `call'
puma (5.6.4) lib/puma/configuration.rb:252:in `call'
puma (5.6.4) lib/puma/request.rb:77:in `block in handle_request'
puma (5.6.4) lib/puma/thread_pool.rb:340:in `with_force_shutdown'
puma (5.6.4) lib/puma/request.rb:76:in `handle_request'
puma (5.6.4) lib/puma/server.rb:441:in `process_client'
puma (5.6.4) lib/puma/thread_pool.rb:147:in `block in spawn_thread'
  [1m[35m (199.0ms)[0m  [1m[35mCREATE DATABASE "car_diary_development" ENCODING = 'unicode'[0m
  [1m[35m (128.7ms)[0m  [1m[35mCREATE DATABASE "car_diary_test" ENCODING = 'unicode'[0m
Started GET "/" for 127.0.0.1 at 2022-08-01 20:29:46 +0300
Processing by Rails::WelcomeController#index as HTML
  Rendering /home/stoyan/.rbenv/versions/3.1.2/lib/ruby/gems/3.1.0/gems/railties-7.0.3/lib/rails/templates/rails/welcome/index.html.erb
  Rendered /home/stoyan/.rbenv/versions/3.1.2/lib/ruby/gems/3.1.0/gems/railties-7.0.3/lib/rails/templates/rails/welcome/index.html.erb (Duration: 4.1ms | Allocations: 537)
Completed 200 OK in 21ms (Views: 11.2ms | ActiveRecord: 0.0ms | Allocations: 4136)


Started GET "/home/index" for 127.0.0.1 at 2022-08-01 20:29:53 +0300
Processing by HomeController#index as HTML
  Rendering layout layouts/application.html.slim
  Rendering home/index.html.slim within layouts/application
  Rendered home/index.html.slim within layouts/application (Duration: 23.7ms | Allocations: 9864)
  Rendered layout layouts/application.html.slim (Duration: 367.2ms | Allocations: 100006)
Completed 200 OK in 374ms (Views: 370.9ms | ActiveRecord: 0.0ms | Allocations: 101061)


Started GET "/" for 127.0.0.1 at 2022-08-01 20:30:51 +0300
Started GET "/" for 127.0.0.1 at 2022-08-01 20:30:51 +0300
Processing by HomeController#index as HTML
Processing by HomeController#index as HTML
  Rendering layout layouts/application.html.slim
  Rendering home/index.html.slim within layouts/application
  Rendering layout layouts/application.html.slim
  Rendering home/index.html.slim within layouts/application
  Rendered home/index.html.slim within layouts/application (Duration: 23.4ms | Allocations: 10136)
  Rendered home/index.html.slim within layouts/application (Duration: 16.7ms | Allocations: 8803)
  Rendered layout layouts/application.html.slim (Duration: 135.8ms | Allocations: 69657)
Completed 200 OK in 177ms (Views: 166.4ms | ActiveRecord: 0.0ms | Allocations: 78008)


  Rendered layout layouts/application.html.slim (Duration: 158.3ms | Allocations: 75329)
Completed 200 OK in 184ms (Views: 173.7ms | ActiveRecord: 0.0ms | Allocations: 79332)


Started GET "/" for 127.0.0.1 at 2022-08-01 20:36:51 +0300
Processing by HomeController#index as HTML
  Rendering layout layouts/application.html.slim
  Rendering home/index.html.slim within layouts/application
  Rendered home/index.html.slim within layouts/application (Duration: 3.5ms | Allocations: 1880)
  Rendered layout layouts/application.html.slim (Duration: 21.8ms | Allocations: 8739)
Completed 200 OK in 25ms (Views: 23.6ms | Allocations: 9616)


Started GET "/" for 127.0.0.1 at 2022-08-01 20:39:32 +0300
Processing by HomeController#index as HTML
  Rendering layout layouts/application.html.slim
  Rendering home/index.html.slim within layouts/application
  Rendered home/index.html.slim within layouts/application (Duration: 15.1ms | Allocations: 1674)
  Rendered layout layouts/application.html.slim (Duration: 52.6ms | Allocations: 8536)
Completed 200 OK in 57ms (Views: 55.8ms | Allocations: 9377)


Started GET "/" for 127.0.0.1 at 2022-08-01 20:39:53 +0300
Processing by HomeController#index as HTML
  Rendering layout layouts/application.html.slim
  Rendering home/index.html.slim within layouts/application
  Rendered home/index.html.slim within layouts/application (Duration: 3.9ms | Allocations: 1882)
  Rendered layout layouts/application.html.slim (Duration: 13.9ms | Allocations: 8819)
Completed 200 OK in 17ms (Views: 15.9ms | Allocations: 9658)


Started GET "/" for 127.0.0.1 at 2022-08-01 20:40:53 +0300
Processing by HomeController#index as HTML
  Rendering layout layouts/application.html.slim
  Rendering home/index.html.slim within layouts/application
  Rendered home/index.html.slim within layouts/application (Duration: 5.1ms | Allocations: 2344)
  Rendered layout layouts/application.html.slim (Duration: 19.7ms | Allocations: 9300)
Completed 200 OK in 27ms (Views: 25.0ms | Allocations: 10141)


Started GET "/" for 127.0.0.1 at 2022-08-01 20:40:53 +0300
Processing by HomeController#index as HTML
  Rendering layout layouts/application.html.slim
  Rendering home/index.html.slim within layouts/application
  Rendered home/index.html.slim within layouts/application (Duration: 0.1ms | Allocations: 18)
  Rendered layout layouts/application.html.slim (Duration: 5.7ms | Allocations: 2398)
Completed 200 OK in 10ms (Views: 8.3ms | Allocations: 2685)


Started GET "/" for 127.0.0.1 at 2022-08-01 20:40:54 +0300
Processing by HomeController#index as HTML
  Rendering layout layouts/application.html.slim
  Rendering home/index.html.slim within layouts/application
  Rendered home/index.html.slim within layouts/application (Duration: 0.1ms | Allocations: 18)
  Rendered layout layouts/application.html.slim (Duration: 4.6ms | Allocations: 2385)
Completed 200 OK in 6ms (Views: 5.4ms | Allocations: 2652)


Started GET "/" for 127.0.0.1 at 2022-08-01 20:41:21 +0300
Processing by HomeController#index as HTML
  Rendering layout layouts/application.html.slim
  Rendering home/index.html.slim within layouts/application
  Rendered home/index.html.slim within layouts/application (Duration: 3.4ms | Allocations: 1677)
  Rendered layout layouts/application.html.slim (Duration: 14.2ms | Allocations: 8638)
Completed 200 OK in 17ms (Views: 16.4ms | Allocations: 9459)


Started GET "/" for 127.0.0.1 at 2022-08-01 20:42:06 +0300
Processing by HomeController#index as HTML
  Rendering layout layouts/application.html.slim
  Rendering home/index.html.slim within layouts/application
  Rendered home/index.html.slim within layouts/application (Duration: 4.0ms | Allocations: 1867)
  Rendered layout layouts/application.html.slim (Duration: 12.6ms | Allocations: 8844)
Completed 200 OK in 17ms (Views: 15.7ms | Allocations: 9683)


Started GET "/" for 127.0.0.1 at 2022-08-01 20:42:07 +0300
Processing by HomeController#index as HTML
  Rendering layout layouts/application.html.slim
  Rendering home/index.html.slim within layouts/application
  Rendered home/index.html.slim within layouts/application (Duration: 0.1ms | Allocations: 18)
  Rendered layout layouts/application.html.slim (Duration: 3.1ms | Allocations: 2388)
Completed 200 OK in 5ms (Views: 4.2ms | Allocations: 2668)


Started GET "/" for 127.0.0.1 at 2022-08-01 20:42:08 +0300
Processing by HomeController#index as HTML
  Rendering layout layouts/application.html.slim
  Rendering home/index.html.slim within layouts/application
  Rendered home/index.html.slim within layouts/application (Duration: 0.1ms | Allocations: 18)
  Rendered layout layouts/application.html.slim (Duration: 6.1ms | Allocations: 2373)
Completed 200 OK in 7ms (Views: 6.9ms | Allocations: 2635)


Started GET "/" for 127.0.0.1 at 2022-08-01 20:42:08 +0300
Processing by HomeController#index as HTML
  Rendering layout layouts/application.html.slim
  Rendering home/index.html.slim within layouts/application
  Rendered home/index.html.slim within layouts/application (Duration: 0.1ms | Allocations: 18)
  Rendered layout layouts/application.html.slim (Duration: 6.4ms | Allocations: 2403)
Completed 200 OK in 8ms (Views: 7.6ms | Allocations: 2665)


Started GET "/" for 127.0.0.1 at 2022-08-01 20:42:08 +0300
Processing by HomeController#index as HTML
  Rendering layout layouts/application.html.slim
  Rendering home/index.html.slim within layouts/application
  Rendered home/index.html.slim within layouts/application (Duration: 0.1ms | Allocations: 18)
  Rendered layout layouts/application.html.slim (Duration: 6.3ms | Allocations: 2379)
Completed 200 OK in 17ms (Views: 16.4ms | Allocations: 2641)


Started GET "/" for 127.0.0.1 at 2022-08-01 20:42:08 +0300
Processing by HomeController#index as HTML
  Rendering layout layouts/application.html.slim
  Rendering home/index.html.slim within layouts/application
  Rendered home/index.html.slim within layouts/application (Duration: 0.2ms | Allocations: 18)
  Rendered layout layouts/application.html.slim (Duration: 11.3ms | Allocations: 2391)
Completed 200 OK in 17ms (Views: 16.6ms | Allocations: 2653)


Started GET "/" for 127.0.0.1 at 2022-08-01 20:42:09 +0300
Processing by HomeController#index as HTML
  Rendering layout layouts/application.html.slim
  Rendering home/index.html.slim within layouts/application
  Rendered home/index.html.slim within layouts/application (Duration: 0.2ms | Allocations: 18)
  Rendered layout layouts/application.html.slim (Duration: 13.4ms | Allocations: 2385)
Completed 200 OK in 17ms (Views: 16.1ms | Allocations: 2647)


Started GET "/" for 127.0.0.1 at 2022-08-01 20:42:09 +0300
Processing by HomeController#index as HTML
  Rendering layout layouts/application.html.slim
  Rendering home/index.html.slim within layouts/application
  Rendered home/index.html.slim within layouts/application (Duration: 0.1ms | Allocations: 18)
  Rendered layout layouts/application.html.slim (Duration: 14.3ms | Allocations: 2388)
Completed 200 OK in 23ms (Views: 20.4ms | Allocations: 2650)


Started GET "/" for 127.0.0.1 at 2022-08-01 20:42:09 +0300
Processing by HomeController#index as HTML
  Rendering layout layouts/application.html.slim
  Rendering home/index.html.slim within layouts/application
  Rendered home/index.html.slim within layouts/application (Duration: 0.3ms | Allocations: 18)
  Rendered layout layouts/application.html.slim (Duration: 20.1ms | Allocations: 2400)
Completed 200 OK in 26ms (Views: 24.7ms | Allocations: 2662)


Started GET "/" for 127.0.0.1 at 2022-08-01 20:42:09 +0300
Processing by HomeController#index as HTML
  Rendering layout layouts/application.html.slim
  Rendering home/index.html.slim within layouts/application
  Rendered home/index.html.slim within layouts/application (Duration: 0.1ms | Allocations: 18)
  Rendered layout layouts/application.html.slim (Duration: 9.8ms | Allocations: 2376)
Completed 200 OK in 17ms (Views: 16.3ms | Allocations: 2638)


Started GET "/" for 127.0.0.1 at 2022-08-01 20:42:09 +0300
Processing by HomeController#index as HTML
  Rendering layout layouts/application.html.slim
  Rendering home/index.html.slim within layouts/application
  Rendered home/index.html.slim within layouts/application (Duration: 0.1ms | Allocations: 18)
  Rendered layout layouts/application.html.slim (Duration: 23.6ms | Allocations: 2412)
Completed 200 OK in 26ms (Views: 25.4ms | Allocations: 2674)


Started GET "/" for 127.0.0.1 at 2022-08-01 20:43:23 +0300
Processing by HomeController#index as HTML
  Rendering layout layouts/application.html.slim
  Rendering home/index.html.slim within layouts/application
  Rendered home/index.html.slim within layouts/application (Duration: 4.0ms | Allocations: 2329)
  Rendered layout layouts/application.html.slim (Duration: 16.8ms | Allocations: 9291)
Completed 200 OK in 22ms (Views: 21.4ms | Allocations: 10112)


Started GET "/" for 127.0.0.1 at 2022-08-01 20:43:52 +0300
Processing by HomeController#index as HTML
  Rendering layout layouts/application.html.slim
  Rendering home/index.html.slim within layouts/application
  Rendered home/index.html.slim within layouts/application (Duration: 18.0ms | Allocations: 2329)
  Rendered layout layouts/application.html.slim (Duration: 63.6ms | Allocations: 9298)
Completed 200 OK in 70ms (Views: 65.2ms | Allocations: 10141)


Started GET "/" for 127.0.0.1 at 2022-08-01 20:43:52 +0300
Processing by HomeController#index as HTML
  Rendering layout layouts/application.html.slim
  Rendering home/index.html.slim within layouts/application
  Rendered home/index.html.slim within layouts/application (Duration: 0.1ms | Allocations: 18)
  Rendered layout layouts/application.html.slim (Duration: 4.1ms | Allocations: 2399)
Completed 200 OK in 5ms (Views: 4.8ms | Allocations: 2681)


Started GET "/" for 127.0.0.1 at 2022-08-01 20:43:53 +0300
Processing by HomeController#index as HTML
  Rendering layout layouts/application.html.slim
  Rendering home/index.html.slim within layouts/application
  Rendered home/index.html.slim within layouts/application (Duration: 0.1ms | Allocations: 18)
  Rendered layout layouts/application.html.slim (Duration: 3.9ms | Allocations: 2394)
Completed 200 OK in 5ms (Views: 4.5ms | Allocations: 2658)


Started GET "/" for 127.0.0.1 at 2022-08-01 20:44:13 +0300
Processing by HomeController#index as HTML
  Rendering layout layouts/application.html.slim
  Rendering home/index.html.slim within layouts/application
  Rendered home/index.html.slim within layouts/application (Duration: 5.7ms | Allocations: 1869)
  Rendered layout layouts/application.html.slim (Duration: 13.6ms | Allocations: 8817)
Completed 200 OK in 23ms (Views: 22.1ms | Allocations: 9638)


Started GET "/" for 127.0.0.1 at 2022-08-01 20:44:28 +0300
Processing by HomeController#index as HTML
  Rendering layout layouts/application.html.slim
  Rendering home/index.html.slim within layouts/application
  Rendered home/index.html.slim within layouts/application (Duration: 3.4ms | Allocations: 2329)
  Rendered layout layouts/application.html.slim (Duration: 12.8ms | Allocations: 9271)
Completed 200 OK in 15ms (Views: 14.7ms | Allocations: 10112)


Started GET "/" for 127.0.0.1 at 2022-08-01 20:45:07 +0300
Processing by HomeController#index as HTML
  Rendering layout layouts/application.html.slim
  Rendering home/index.html.slim within layouts/application
  Rendered home/index.html.slim within layouts/application (Duration: 0.1ms | Allocations: 18)
  Rendered layout layouts/application.html.slim (Duration: 4.2ms | Allocations: 2391)
Completed 200 OK in 5ms (Views: 4.9ms | Allocations: 2672)


Started GET "/" for 127.0.0.1 at 2022-08-01 22:32:11 +0300
Started GET "/" for 127.0.0.1 at 2022-08-01 22:32:11 +0300
Processing by HomeController#index as HTML
Processing by HomeController#index as HTML
  Rendering layout layouts/application.html.slim
  Rendering layout layouts/application.html.slim
  Rendering home/index.html.slim within layouts/application
  Rendering home/index.html.slim within layouts/application
  Rendered home/index.html.slim within layouts/application (Duration: 14.3ms | Allocations: 10429)
  Rendered home/index.html.slim within layouts/application (Duration: 14.1ms | Allocations: 10418)
  Rendered layout layouts/application.html.slim (Duration: 153.0ms | Allocations: 70570)
Completed 200 OK in 169ms (Views: 157.2ms | ActiveRecord: 0.0ms | Allocations: 74425)


  Rendered layout layouts/application.html.slim (Duration: 155.9ms | Allocations: 71433)
Completed 200 OK in 183ms (Views: 173.1ms | ActiveRecord: 0.0ms | Allocations: 75423)


